digraph ParseTree {
"0x5a1fedfb95d0"[label="file_input1" shape=ellipse style=filled color="dodgerblue" fillcolor="grey"];

"0x5a1fedfb95d0" -> "0x5a1fedfb7f80";
"0x5a1fedfb7f80"[label="OPERATOR (=)" shape=ellipse style=filled color="dodgerblue" fillcolor="grey"];

"0x5a1fedfb7f80" -> "0x5a1fedfb7670";
"0x5a1fedfb7670"[label="DELIMITER (:)" shape=ellipse style=filled color="dodgerblue" fillcolor="grey"];

"0x5a1fedfb7670" -> "0x5a1fedfb6b40";
"0x5a1fedfb6b40"[label="NAME (a)" shape=box style=filled color="red" fillcolor="grey"];

"0x5a1fedfb7670" -> "0x5a1fedfb7050";
"0x5a1fedfb7050"[label="NAME (int)" shape=box style=filled color="red" fillcolor="grey"];

"0x5a1fedfb7f80" -> "0x5a1fedfb74d0";
"0x5a1fedfb74d0"[label="INT (5)" shape=box style=filled color="red" fillcolor="grey"];

"0x5a1fedfb95d0" -> "0x5a1fedfb9350";
"0x5a1fedfb9350"[label="OPERATOR (=)" shape=ellipse style=filled color="dodgerblue" fillcolor="grey"];

"0x5a1fedfb9350" -> "0x5a1fedfb8fc0";
"0x5a1fedfb8fc0"[label="DELIMITER (:)" shape=ellipse style=filled color="dodgerblue" fillcolor="grey"];

"0x5a1fedfb8fc0" -> "0x5a1fedfb84c0";
"0x5a1fedfb84c0"[label="NAME (b)" shape=box style=filled color="red" fillcolor="grey"];

"0x5a1fedfb8fc0" -> "0x5a1fedfb89a0";
"0x5a1fedfb89a0"[label="NAME (int)" shape=box style=filled color="red" fillcolor="grey"];

"0x5a1fedfb9350" -> "0x5a1fedfb8e20";
"0x5a1fedfb8e20"[label="INT (3)" shape=box style=filled color="red" fillcolor="grey"];

}
